{"F:/PROGRAMOWANIE/HTML_CSS_JS/Common/NodeJS/Exercises/simple-online-shop/data_validation/orderValidation.js": {"path":"F:/PROGRAMOWANIE/HTML_CSS_JS/Common/NodeJS/Exercises/simple-online-shop/data_validation/orderValidation.js","statementMap":{"0":{"start":{"line":1,"column":0},"end":{"line":85,"column":2}},"1":{"start":{"line":2,"column":4},"end":{"line":4,"column":7}},"2":{"start":{"line":3,"column":8},"end":{"line":3,"column":21}},"3":{"start":{"line":6,"column":27},"end":{"line":6,"column":86}},"4":{"start":{"line":8,"column":6},"end":{"line":10,"column":7}},"5":{"start":{"line":9,"column":8},"end":{"line":9,"column":21}},"6":{"start":{"line":12,"column":6},"end":{"line":14,"column":7}},"7":{"start":{"line":12,"column":37},"end":{"line":12,"column":83}},"8":{"start":{"line":13,"column":8},"end":{"line":13,"column":21}},"9":{"start":{"line":17,"column":6},"end":{"line":19,"column":7}},"10":{"start":{"line":18,"column":8},"end":{"line":18,"column":21}},"11":{"start":{"line":21,"column":6},"end":{"line":23,"column":7}},"12":{"start":{"line":22,"column":8},"end":{"line":22,"column":21}},"13":{"start":{"line":25,"column":6},"end":{"line":27,"column":7}},"14":{"start":{"line":26,"column":8},"end":{"line":26,"column":21}},"15":{"start":{"line":29,"column":6},"end":{"line":31,"column":7}},"16":{"start":{"line":30,"column":8},"end":{"line":30,"column":21}},"17":{"start":{"line":34,"column":45},"end":{"line":46,"column":7}},"18":{"start":{"line":35,"column":21},"end":{"line":35,"column":25}},"19":{"start":{"line":36,"column":8},"end":{"line":43,"column":12}},"20":{"start":{"line":37,"column":12},"end":{"line":42,"column":13}},"21":{"start":{"line":38,"column":16},"end":{"line":38,"column":31}},"22":{"start":{"line":40,"column":17},"end":{"line":42,"column":13}},"23":{"start":{"line":41,"column":16},"end":{"line":41,"column":31}},"24":{"start":{"line":45,"column":10},"end":{"line":45,"column":24}},"25":{"start":{"line":48,"column":6},"end":{"line":50,"column":7}},"26":{"start":{"line":49,"column":8},"end":{"line":49,"column":21}},"27":{"start":{"line":52,"column":6},"end":{"line":54,"column":7}},"28":{"start":{"line":53,"column":8},"end":{"line":53,"column":21}},"29":{"start":{"line":57,"column":24},"end":{"line":57,"column":63}},"30":{"start":{"line":57,"column":31},"end":{"line":57,"column":63}},"31":{"start":{"line":58,"column":6},"end":{"line":60,"column":7}},"32":{"start":{"line":59,"column":8},"end":{"line":59,"column":21}},"33":{"start":{"line":63,"column":37},"end":{"line":71,"column":7}},"34":{"start":{"line":64,"column":21},"end":{"line":64,"column":26}},"35":{"start":{"line":65,"column":8},"end":{"line":69,"column":10}},"36":{"start":{"line":66,"column":10},"end":{"line":68,"column":11}},"37":{"start":{"line":67,"column":10},"end":{"line":67,"column":24}},"38":{"start":{"line":70,"column":8},"end":{"line":70,"column":22}},"39":{"start":{"line":73,"column":6},"end":{"line":75,"column":7}},"40":{"start":{"line":74,"column":8},"end":{"line":74,"column":21}},"41":{"start":{"line":79,"column":6},"end":{"line":82,"column":7}},"42":{"start":{"line":81,"column":8},"end":{"line":81,"column":21}},"43":{"start":{"line":84,"column":6},"end":{"line":84,"column":18}}},"fnMap":{"0":{"name":"(anonymous_0)","decl":{"start":{"line":1,"column":31},"end":{"line":1,"column":32}},"loc":{"start":{"line":1,"column":40},"end":{"line":85,"column":1}}},"1":{"name":"(anonymous_1)","decl":{"start":{"line":12,"column":30},"end":{"line":12,"column":33}},"loc":{"start":{"line":12,"column":37},"end":{"line":12,"column":83}}},"2":{"name":"(anonymous_2)","decl":{"start":{"line":34,"column":45},"end":{"line":34,"column":46}},"loc":{"start":{"line":34,"column":54},"end":{"line":46,"column":7}}},"3":{"name":"(anonymous_3)","decl":{"start":{"line":36,"column":20},"end":{"line":36,"column":22}},"loc":{"start":{"line":36,"column":25},"end":{"line":43,"column":11}}},"4":{"name":"(anonymous_4)","decl":{"start":{"line":57,"column":24},"end":{"line":57,"column":27}},"loc":{"start":{"line":57,"column":31},"end":{"line":57,"column":63}}},"5":{"name":"(anonymous_5)","decl":{"start":{"line":63,"column":37},"end":{"line":63,"column":40}},"loc":{"start":{"line":63,"column":44},"end":{"line":71,"column":7}}},"6":{"name":"(anonymous_6)","decl":{"start":{"line":65,"column":20},"end":{"line":65,"column":21}},"loc":{"start":{"line":65,"column":25},"end":{"line":69,"column":9}}}},"branchMap":{"0":{"loc":{"start":{"line":2,"column":4},"end":{"line":4,"column":7}},"type":"if","locations":[{"start":{"line":2,"column":4},"end":{"line":4,"column":7}},{"start":{"line":2,"column":4},"end":{"line":4,"column":7}}]},"1":{"loc":{"start":{"line":2,"column":8},"end":{"line":2,"column":47}},"type":"binary-expr","locations":[{"start":{"line":2,"column":8},"end":{"line":2,"column":31}},{"start":{"line":2,"column":35},"end":{"line":2,"column":47}}]},"2":{"loc":{"start":{"line":8,"column":6},"end":{"line":10,"column":7}},"type":"if","locations":[{"start":{"line":8,"column":6},"end":{"line":10,"column":7}},{"start":{"line":8,"column":6},"end":{"line":10,"column":7}}]},"3":{"loc":{"start":{"line":12,"column":6},"end":{"line":14,"column":7}},"type":"if","locations":[{"start":{"line":12,"column":6},"end":{"line":14,"column":7}},{"start":{"line":12,"column":6},"end":{"line":14,"column":7}}]},"4":{"loc":{"start":{"line":17,"column":6},"end":{"line":19,"column":7}},"type":"if","locations":[{"start":{"line":17,"column":6},"end":{"line":19,"column":7}},{"start":{"line":17,"column":6},"end":{"line":19,"column":7}}]},"5":{"loc":{"start":{"line":17,"column":10},"end":{"line":17,"column":73}},"type":"binary-expr","locations":[{"start":{"line":17,"column":10},"end":{"line":17,"column":38}},{"start":{"line":17,"column":42},"end":{"line":17,"column":73}}]},"6":{"loc":{"start":{"line":21,"column":6},"end":{"line":23,"column":7}},"type":"if","locations":[{"start":{"line":21,"column":6},"end":{"line":23,"column":7}},{"start":{"line":21,"column":6},"end":{"line":23,"column":7}}]},"7":{"loc":{"start":{"line":21,"column":9},"end":{"line":21,"column":85}},"type":"binary-expr","locations":[{"start":{"line":21,"column":9},"end":{"line":21,"column":45}},{"start":{"line":21,"column":49},"end":{"line":21,"column":85}}]},"8":{"loc":{"start":{"line":25,"column":6},"end":{"line":27,"column":7}},"type":"if","locations":[{"start":{"line":25,"column":6},"end":{"line":27,"column":7}},{"start":{"line":25,"column":6},"end":{"line":27,"column":7}}]},"9":{"loc":{"start":{"line":25,"column":9},"end":{"line":25,"column":79}},"type":"binary-expr","locations":[{"start":{"line":25,"column":9},"end":{"line":25,"column":42}},{"start":{"line":25,"column":46},"end":{"line":25,"column":79}}]},"10":{"loc":{"start":{"line":29,"column":6},"end":{"line":31,"column":7}},"type":"if","locations":[{"start":{"line":29,"column":6},"end":{"line":31,"column":7}},{"start":{"line":29,"column":6},"end":{"line":31,"column":7}}]},"11":{"loc":{"start":{"line":37,"column":12},"end":{"line":42,"column":13}},"type":"if","locations":[{"start":{"line":37,"column":12},"end":{"line":42,"column":13}},{"start":{"line":40,"column":17},"end":{"line":42,"column":13}}]},"12":{"loc":{"start":{"line":40,"column":17},"end":{"line":42,"column":13}},"type":"if","locations":[{"start":{"line":40,"column":17},"end":{"line":42,"column":13}},{"start":{"line":40,"column":17},"end":{"line":42,"column":13}}]},"13":{"loc":{"start":{"line":48,"column":6},"end":{"line":50,"column":7}},"type":"if","locations":[{"start":{"line":48,"column":6},"end":{"line":50,"column":7}},{"start":{"line":48,"column":6},"end":{"line":50,"column":7}}]},"14":{"loc":{"start":{"line":52,"column":6},"end":{"line":54,"column":7}},"type":"if","locations":[{"start":{"line":52,"column":6},"end":{"line":54,"column":7}},{"start":{"line":52,"column":6},"end":{"line":54,"column":7}}]},"15":{"loc":{"start":{"line":58,"column":6},"end":{"line":60,"column":7}},"type":"if","locations":[{"start":{"line":58,"column":6},"end":{"line":60,"column":7}},{"start":{"line":58,"column":6},"end":{"line":60,"column":7}}]},"16":{"loc":{"start":{"line":66,"column":10},"end":{"line":68,"column":11}},"type":"if","locations":[{"start":{"line":66,"column":10},"end":{"line":68,"column":11}},{"start":{"line":66,"column":10},"end":{"line":68,"column":11}}]},"17":{"loc":{"start":{"line":73,"column":6},"end":{"line":75,"column":7}},"type":"if","locations":[{"start":{"line":73,"column":6},"end":{"line":75,"column":7}},{"start":{"line":73,"column":6},"end":{"line":75,"column":7}}]},"18":{"loc":{"start":{"line":79,"column":6},"end":{"line":82,"column":7}},"type":"if","locations":[{"start":{"line":79,"column":6},"end":{"line":82,"column":7}},{"start":{"line":79,"column":6},"end":{"line":82,"column":7}}]},"19":{"loc":{"start":{"line":79,"column":10},"end":{"line":80,"column":61}},"type":"binary-expr","locations":[{"start":{"line":79,"column":10},"end":{"line":79,"column":25}},{"start":{"line":79,"column":29},"end":{"line":79,"column":47}},{"start":{"line":80,"column":10},"end":{"line":80,"column":32}},{"start":{"line":80,"column":36},"end":{"line":80,"column":61}}]}},"s":{"0":1,"1":22,"2":1,"3":21,"4":21,"5":2,"6":19,"7":74,"8":1,"9":18,"10":1,"11":17,"12":1,"13":16,"14":1,"15":15,"16":1,"17":14,"18":25,"19":25,"20":69,"21":1,"22":68,"23":6,"24":25,"25":14,"26":3,"27":11,"28":2,"29":9,"30":9,"31":9,"32":2,"33":7,"34":7,"35":7,"36":19,"37":2,"38":7,"39":7,"40":2,"41":5,"42":2,"43":3},"f":{"0":22,"1":74,"2":25,"3":69,"4":9,"5":7,"6":19},"b":{"0":[1,21],"1":[22,21],"2":[2,19],"3":[1,18],"4":[1,17],"5":[18,17],"6":[1,16],"7":[17,16],"8":[1,15],"9":[16,15],"10":[1,14],"11":[1,68],"12":[6,62],"13":[3,11],"14":[2,9],"15":[2,7],"16":[2,17],"17":[2,5],"18":[2,3],"19":[5,4,3,3]}}
,"F:/PROGRAMOWANIE/HTML_CSS_JS/Common/NodeJS/Exercises/simple-online-shop/data_validation/productValidation.js": {"path":"F:/PROGRAMOWANIE/HTML_CSS_JS/Common/NodeJS/Exercises/simple-online-shop/data_validation/productValidation.js","statementMap":{"0":{"start":{"line":1,"column":0},"end":{"line":34,"column":1}},"1":{"start":{"line":2,"column":4},"end":{"line":4,"column":7}},"2":{"start":{"line":3,"column":8},"end":{"line":3,"column":21}},"3":{"start":{"line":6,"column":27},"end":{"line":6,"column":60}},"4":{"start":{"line":8,"column":6},"end":{"line":10,"column":7}},"5":{"start":{"line":9,"column":8},"end":{"line":9,"column":21}},"6":{"start":{"line":12,"column":6},"end":{"line":14,"column":7}},"7":{"start":{"line":12,"column":37},"end":{"line":12,"column":83}},"8":{"start":{"line":13,"column":8},"end":{"line":13,"column":21}},"9":{"start":{"line":16,"column":6},"end":{"line":18,"column":7}},"10":{"start":{"line":17,"column":8},"end":{"line":17,"column":21}},"11":{"start":{"line":20,"column":6},"end":{"line":22,"column":7}},"12":{"start":{"line":21,"column":8},"end":{"line":21,"column":21}},"13":{"start":{"line":24,"column":6},"end":{"line":26,"column":7}},"14":{"start":{"line":25,"column":8},"end":{"line":25,"column":21}},"15":{"start":{"line":28,"column":6},"end":{"line":31,"column":7}},"16":{"start":{"line":30,"column":8},"end":{"line":30,"column":21}},"17":{"start":{"line":33,"column":6},"end":{"line":33,"column":18}},"18":{"start":{"line":37,"column":0},"end":{"line":82,"column":null}},"19":{"start":{"line":38,"column":2},"end":{"line":40,"column":5}},"20":{"start":{"line":39,"column":6},"end":{"line":39,"column":19}},"21":{"start":{"line":42,"column":25},"end":{"line":42,"column":64}},"22":{"start":{"line":44,"column":4},"end":{"line":46,"column":5}},"23":{"start":{"line":45,"column":6},"end":{"line":45,"column":19}},"24":{"start":{"line":48,"column":4},"end":{"line":50,"column":5}},"25":{"start":{"line":48,"column":35},"end":{"line":48,"column":81}},"26":{"start":{"line":49,"column":6},"end":{"line":49,"column":19}},"27":{"start":{"line":52,"column":4},"end":{"line":54,"column":5}},"28":{"start":{"line":53,"column":6},"end":{"line":53,"column":19}},"29":{"start":{"line":56,"column":4},"end":{"line":58,"column":5}},"30":{"start":{"line":57,"column":6},"end":{"line":57,"column":19}},"31":{"start":{"line":60,"column":4},"end":{"line":62,"column":5}},"32":{"start":{"line":61,"column":6},"end":{"line":61,"column":19}},"33":{"start":{"line":64,"column":4},"end":{"line":66,"column":5}},"34":{"start":{"line":65,"column":6},"end":{"line":65,"column":19}},"35":{"start":{"line":68,"column":4},"end":{"line":70,"column":5}},"36":{"start":{"line":69,"column":6},"end":{"line":69,"column":19}},"37":{"start":{"line":72,"column":4},"end":{"line":74,"column":5}},"38":{"start":{"line":73,"column":6},"end":{"line":73,"column":19}},"39":{"start":{"line":76,"column":4},"end":{"line":79,"column":5}},"40":{"start":{"line":78,"column":6},"end":{"line":78,"column":19}},"41":{"start":{"line":81,"column":4},"end":{"line":81,"column":16}}},"fnMap":{"0":{"name":"(anonymous_0)","decl":{"start":{"line":1,"column":33},"end":{"line":1,"column":34}},"loc":{"start":{"line":1,"column":42},"end":{"line":34,"column":1}}},"1":{"name":"(anonymous_1)","decl":{"start":{"line":12,"column":30},"end":{"line":12,"column":33}},"loc":{"start":{"line":12,"column":37},"end":{"line":12,"column":83}}},"2":{"name":"(anonymous_2)","decl":{"start":{"line":37,"column":37},"end":{"line":37,"column":38}},"loc":{"start":{"line":37,"column":46},"end":{"line":82,"column":null}}},"3":{"name":"(anonymous_3)","decl":{"start":{"line":48,"column":28},"end":{"line":48,"column":31}},"loc":{"start":{"line":48,"column":35},"end":{"line":48,"column":81}}}},"branchMap":{"0":{"loc":{"start":{"line":2,"column":4},"end":{"line":4,"column":7}},"type":"if","locations":[{"start":{"line":2,"column":4},"end":{"line":4,"column":7}},{"start":{"line":2,"column":4},"end":{"line":4,"column":7}}]},"1":{"loc":{"start":{"line":2,"column":8},"end":{"line":2,"column":47}},"type":"binary-expr","locations":[{"start":{"line":2,"column":8},"end":{"line":2,"column":31}},{"start":{"line":2,"column":35},"end":{"line":2,"column":47}}]},"2":{"loc":{"start":{"line":8,"column":6},"end":{"line":10,"column":7}},"type":"if","locations":[{"start":{"line":8,"column":6},"end":{"line":10,"column":7}},{"start":{"line":8,"column":6},"end":{"line":10,"column":7}}]},"3":{"loc":{"start":{"line":12,"column":6},"end":{"line":14,"column":7}},"type":"if","locations":[{"start":{"line":12,"column":6},"end":{"line":14,"column":7}},{"start":{"line":12,"column":6},"end":{"line":14,"column":7}}]},"4":{"loc":{"start":{"line":16,"column":6},"end":{"line":18,"column":7}},"type":"if","locations":[{"start":{"line":16,"column":6},"end":{"line":18,"column":7}},{"start":{"line":16,"column":6},"end":{"line":18,"column":7}}]},"5":{"loc":{"start":{"line":20,"column":6},"end":{"line":22,"column":7}},"type":"if","locations":[{"start":{"line":20,"column":6},"end":{"line":22,"column":7}},{"start":{"line":20,"column":6},"end":{"line":22,"column":7}}]},"6":{"loc":{"start":{"line":24,"column":6},"end":{"line":26,"column":7}},"type":"if","locations":[{"start":{"line":24,"column":6},"end":{"line":26,"column":7}},{"start":{"line":24,"column":6},"end":{"line":26,"column":7}}]},"7":{"loc":{"start":{"line":24,"column":10},"end":{"line":24,"column":119}},"type":"binary-expr","locations":[{"start":{"line":24,"column":10},"end":{"line":24,"column":39}},{"start":{"line":24,"column":43},"end":{"line":24,"column":78}},{"start":{"line":24,"column":82},"end":{"line":24,"column":119}}]},"8":{"loc":{"start":{"line":28,"column":6},"end":{"line":31,"column":7}},"type":"if","locations":[{"start":{"line":28,"column":6},"end":{"line":31,"column":7}},{"start":{"line":28,"column":6},"end":{"line":31,"column":7}}]},"9":{"loc":{"start":{"line":28,"column":10},"end":{"line":29,"column":93}},"type":"binary-expr","locations":[{"start":{"line":28,"column":10},"end":{"line":28,"column":26}},{"start":{"line":28,"column":30},"end":{"line":28,"column":52}},{"start":{"line":28,"column":56},"end":{"line":28,"column":72}},{"start":{"line":29,"column":10},"end":{"line":29,"column":33}},{"start":{"line":29,"column":37},"end":{"line":29,"column":66}},{"start":{"line":29,"column":70},"end":{"line":29,"column":93}}]},"10":{"loc":{"start":{"line":38,"column":2},"end":{"line":40,"column":5}},"type":"if","locations":[{"start":{"line":38,"column":2},"end":{"line":40,"column":5}},{"start":{"line":38,"column":2},"end":{"line":40,"column":5}}]},"11":{"loc":{"start":{"line":38,"column":6},"end":{"line":38,"column":45}},"type":"binary-expr","locations":[{"start":{"line":38,"column":6},"end":{"line":38,"column":29}},{"start":{"line":38,"column":33},"end":{"line":38,"column":45}}]},"12":{"loc":{"start":{"line":44,"column":4},"end":{"line":46,"column":5}},"type":"if","locations":[{"start":{"line":44,"column":4},"end":{"line":46,"column":5}},{"start":{"line":44,"column":4},"end":{"line":46,"column":5}}]},"13":{"loc":{"start":{"line":48,"column":4},"end":{"line":50,"column":5}},"type":"if","locations":[{"start":{"line":48,"column":4},"end":{"line":50,"column":5}},{"start":{"line":48,"column":4},"end":{"line":50,"column":5}}]},"14":{"loc":{"start":{"line":52,"column":4},"end":{"line":54,"column":5}},"type":"if","locations":[{"start":{"line":52,"column":4},"end":{"line":54,"column":5}},{"start":{"line":52,"column":4},"end":{"line":54,"column":5}}]},"15":{"loc":{"start":{"line":56,"column":4},"end":{"line":58,"column":5}},"type":"if","locations":[{"start":{"line":56,"column":4},"end":{"line":58,"column":5}},{"start":{"line":56,"column":4},"end":{"line":58,"column":5}}]},"16":{"loc":{"start":{"line":60,"column":4},"end":{"line":62,"column":5}},"type":"if","locations":[{"start":{"line":60,"column":4},"end":{"line":62,"column":5}},{"start":{"line":60,"column":4},"end":{"line":62,"column":5}}]},"17":{"loc":{"start":{"line":64,"column":4},"end":{"line":66,"column":5}},"type":"if","locations":[{"start":{"line":64,"column":4},"end":{"line":66,"column":5}},{"start":{"line":64,"column":4},"end":{"line":66,"column":5}}]},"18":{"loc":{"start":{"line":68,"column":4},"end":{"line":70,"column":5}},"type":"if","locations":[{"start":{"line":68,"column":4},"end":{"line":70,"column":5}},{"start":{"line":68,"column":4},"end":{"line":70,"column":5}}]},"19":{"loc":{"start":{"line":72,"column":4},"end":{"line":74,"column":5}},"type":"if","locations":[{"start":{"line":72,"column":4},"end":{"line":74,"column":5}},{"start":{"line":72,"column":4},"end":{"line":74,"column":5}}]},"20":{"loc":{"start":{"line":72,"column":8},"end":{"line":72,"column":155}},"type":"binary-expr","locations":[{"start":{"line":72,"column":8},"end":{"line":72,"column":42}},{"start":{"line":72,"column":46},"end":{"line":72,"column":75}},{"start":{"line":72,"column":79},"end":{"line":72,"column":114}},{"start":{"line":72,"column":118},"end":{"line":72,"column":155}}]},"21":{"loc":{"start":{"line":76,"column":4},"end":{"line":79,"column":5}},"type":"if","locations":[{"start":{"line":76,"column":4},"end":{"line":79,"column":5}},{"start":{"line":76,"column":4},"end":{"line":79,"column":5}}]},"22":{"loc":{"start":{"line":76,"column":8},"end":{"line":77,"column":115}},"type":"binary-expr","locations":[{"start":{"line":76,"column":8},"end":{"line":76,"column":21}},{"start":{"line":76,"column":25},"end":{"line":76,"column":41}},{"start":{"line":76,"column":45},"end":{"line":76,"column":67}},{"start":{"line":76,"column":71},"end":{"line":76,"column":87}},{"start":{"line":77,"column":8},"end":{"line":77,"column":28}},{"start":{"line":77,"column":32},"end":{"line":77,"column":55}},{"start":{"line":77,"column":59},"end":{"line":77,"column":88}},{"start":{"line":77,"column":92},"end":{"line":77,"column":115}}]}},"s":{"0":1,"1":21,"2":1,"3":20,"4":20,"5":3,"6":17,"7":50,"8":1,"9":16,"10":2,"11":14,"12":3,"13":11,"14":1,"15":10,"16":2,"17":8,"18":1,"19":27,"20":1,"21":26,"22":26,"23":5,"24":21,"25":84,"26":1,"27":20,"28":2,"29":18,"30":1,"31":17,"32":2,"33":15,"34":1,"35":14,"36":2,"37":12,"38":1,"39":11,"40":1,"41":10},"f":{"0":21,"1":50,"2":27,"3":84},"b":{"0":[1,20],"1":[21,20],"2":[3,17],"3":[1,16],"4":[2,14],"5":[3,11],"6":[1,10],"7":[11,11,10],"8":[2,8],"9":[10,9,8,8,8,8],"10":[1,26],"11":[27,26],"12":[5,21],"13":[1,20],"14":[2,18],"15":[1,17],"16":[2,15],"17":[1,14],"18":[2,12],"19":[1,11],"20":[12,12,11,11],"21":[1,10],"22":[11,11,10,10,10,10,10,10]}}
}
